<?xml version="1.0" encoding="UTF-8"?>
<!-- Generated by org.testng.reporters.JUnitReportReporter -->
<testsuite hostname="Nithishs-MacBook-Pro-2.local" failures="0" tests="5" name="nithishpandian.tests.SubmitOrderTest" time="54.485" errors="0" timestamp="2025-10-08T12:14:40 EDT" skipped="0">
  <testcase classname="nithishpandian.tests.SubmitOrderTest" name="submitOrder" time="11.498"/>
  <testcase classname="nithishpandian.tests.SubmitOrderTest" name="submitOrder1" time="6.678"/>
  <testcase classname="nithishpandian.tests.SubmitOrderTest" name="submitOrder" time="10.151"/>
  <testcase classname="nithishpandian.tests.SubmitOrderTest" name="orderHistoryTest" time="14.339"/>
  <testcase classname="nithishpandian.tests.SubmitOrderTest" name="submitOrder1" time="11.819"/>
</testsuite> <!-- nithishpandian.tests.SubmitOrderTest -->
