<?xml version="1.0" encoding="UTF-8"?>
<!-- Generated by org.testng.reporters.JUnitReportReporter -->
<testsuite hostname="Nithishs-MacBook-Pro-2.local" failures="0" tests="2" name="nithishpandian.tests.ErrorValidationTest" time="17.683" errors="0" timestamp="2025-10-08T12:14:40 EDT" skipped="0">
  <testcase classname="nithishpandian.tests.ErrorValidationTest" name="productErrorValidation" time="6.303"/>
  <testcase classname="nithishpandian.tests.ErrorValidationTest" name="loginErrorValidation" time="11.380"/>
</testsuite> <!-- nithishpandian.tests.ErrorValidationTest -->
